[+] Containers:
 |- [+] Container: /Game/Levels/SpaceBall
 |   |- [+] ActorDescs:
 |   |   |- Guid:004001464E6B11019069A1A9AE7A0F1A BaseClass: NativeClass:/Script/Engine.WorldDataLayers Name:WorldDataLayers Label:WorldDataLayers SpatiallyLoaded:0 Bounds:Invalid RuntimeGrid:None EditorOnly:0 RuntimeOnly:0 HLODRelevant:0 ListedInSceneOutliner:1 IsMainWorldOnly:1
 |   |   |- Guid:09329EB041236FD1F3F3FDB6A0A97F3D BaseClass:/Game/Blueprints/BaseBat.BaseBat_C NativeClass:/Script/Engine.Actor Name:BaseBat_C_UAID_80E82CE1811EF75802_1911901898 Label:BaseBat SpatiallyLoaded:1 Bounds:IsValid=true, Min=(X=1322.637 Y=2009.212 Z=95.459), Max=(X=1354.472 Y=2140.609 Z=104.541) RuntimeGrid:None EditorOnly:0 RuntimeOnly:0 HLODRelevant:0 ListedInSceneOutliner:1 IsMainWorldOnly:0
 |   |   |- Guid:0B2E39D948DE31B8CE6DCC90D7744CF3 BaseClass: NativeClass:/Script/Engine.PlayerStart Name:PlayerStart_0 Label:PlayerStart SpatiallyLoaded:0 Bounds:IsValid=true, Min=(X=860.000 Y=810.000 Z=0.013), Max=(X=940.000 Y=890.000 Z=184.013) RuntimeGrid:None EditorOnly:0 RuntimeOnly:0 HLODRelevant:0 ListedInSceneOutliner:1 IsMainWorldOnly:0
 |   |   |- Guid:24A81C194750610A2504FA82D0628DD3 BaseClass: NativeClass:/Script/Engine.PostProcessVolume Name:PostProcessVolume_0 Label:PostProcessVolume SpatiallyLoaded:0 Bounds:IsValid=true, Min=(X=0.000 Y=0.000 Z=400.000), Max=(X=200.000 Y=200.000 Z=600.000) RuntimeGrid:None EditorOnly:0 RuntimeOnly:0 HLODRelevant:0 ListedInSceneOutliner:1 IsMainWorldOnly:0 FolderPath:Lighting FolderGuid:0BA5F0A04EADB18E70D5B180D08FA34B
 |   |   |- Guid:2FC0E5CD41042ACD445C529F27230484 BaseClass: NativeClass:/Script/Engine.StaticMeshActor Name:StaticMeshActor_0 Label:SM_Cube SpatiallyLoaded:1 Bounds:IsValid=true, Min=(X=-6030.000 Y=0.000 Z=-50.000), Max=(X=9550.000 Y=12030.000 Z=0.000) RuntimeGrid:None EditorOnly:0 RuntimeOnly:0 HLODRelevant:1 ListedInSceneOutliner:1 IsMainWorldOnly:0 FolderPath:Playground FolderGuid:6C02BB504B69D1F3D7A624B130C18E5B
 |   |   |- Guid:576A1E00419EE06946FE86AE171E8BA5 BaseClass: NativeClass:/Script/Engine.StaticMeshActor Name:StaticMeshActor_10 Label:SM_Cube6 SpatiallyLoaded:1 Bounds:IsValid=true, Min=(X=2922.058 Y=100.000 Z=0.000), Max=(X=9810.000 Y=11940.266 Z=280.000) RuntimeGrid:None EditorOnly:0 RuntimeOnly:0 HLODRelevant:1 ListedInSceneOutliner:1 IsMainWorldOnly:0 FolderPath:Playground FolderGuid:6C02BB504B69D1F3D7A624B130C18E5B
 |   |   |- Guid:AEDD688B41C0233F7B15899709756EC8 BaseClass: NativeClass:/Script/Engine.StaticMeshActor Name:StaticMeshActor_3 Label:SM_Cube2 SpatiallyLoaded:1 Bounds:IsValid=true, Min=(X=0.000 Y=0.000 Z=0.000), Max=(X=3000.000 Y=100.000 Z=750.000) RuntimeGrid:None EditorOnly:0 RuntimeOnly:0 HLODRelevant:1 ListedInSceneOutliner:1 IsMainWorldOnly:0 FolderPath:Playground FolderGuid:6C02BB504B69D1F3D7A624B130C18E5B
 |   |   |- Guid:C079E25C4B421CA0086C13A104F61510 BaseClass: NativeClass:/Script/Engine.DirectionalLight Name:DirectionalLight_1 Label:DirectionalLight SpatiallyLoaded:0 Bounds:Invalid RuntimeGrid:None EditorOnly:0 RuntimeOnly:0 HLODRelevant:0 ListedInSceneOutliner:1 IsMainWorldOnly:0 FolderPath:Lighting FolderGuid:0BA5F0A04EADB18E70D5B180D08FA34B
 |   |   |- Guid:C39D6D634EE5A2AC5D18F7A0392B5EAC BaseClass: NativeClass:/Script/Engine.StaticMeshActor Name:StaticMeshActor_UAID_80E82CE1811EF15802_1165126840 Label:Cylinder SpatiallyLoaded:1 Bounds:IsValid=true, Min=(X=1375.433 Y=815.216 Z=0.000), Max=(X=1804.567 Y=1244.784 Z=20.000) RuntimeGrid:None EditorOnly:0 RuntimeOnly:0 HLODRelevant:1 ListedInSceneOutliner:1 IsMainWorldOnly:0
 |   |   |- Guid:CA4AFCDB402B862587DBCBA849CA0FC8 BaseClass: NativeClass:/Script/Engine.StaticMeshActor Name:StaticMeshActor_9 Label:SM_Cube5 SpatiallyLoaded:1 Bounds:IsValid=true, Min=(X=-6731.603 Y=50.000 Z=0.000), Max=(X=100.000 Y=11782.684 Z=330.000) RuntimeGrid:None EditorOnly:0 RuntimeOnly:0 HLODRelevant:1 ListedInSceneOutliner:1 IsMainWorldOnly:0 FolderPath:Playground FolderGuid:6C02BB504B69D1F3D7A624B130C18E5B
 |   |   |- Guid:D2A84E2F4F11A261D1BB80B76CBDC347 BaseClass: NativeClass:/Script/Engine.SkyLight Name:SkyLight_0 Label:SkyLight SpatiallyLoaded:0 Bounds:IsValid=true, Min=(X=0.000 Y=0.000 Z=690.000), Max=(X=0.000 Y=0.000 Z=690.000) RuntimeGrid:None EditorOnly:0 RuntimeOnly:0 HLODRelevant:0 ListedInSceneOutliner:1 IsMainWorldOnly:0 FolderPath:Lighting FolderGuid:0BA5F0A04EADB18E70D5B180D08FA34B
 |   |   |- Guid:D33C59E84B0243E07B5E52A67D67C92D BaseClass: NativeClass:/Script/Engine.StaticMeshActor Name:StaticMeshActor_4 Label:SM_Cube3 SpatiallyLoaded:1 Bounds:IsValid=true, Min=(X=-6450.000 Y=11630.000 Z=0.000), Max=(X=9520.000 Y=11730.000 Z=370.000) RuntimeGrid:None EditorOnly:0 RuntimeOnly:0 HLODRelevant:1 ListedInSceneOutliner:1 IsMainWorldOnly:0 FolderPath:Playground FolderGuid:6C02BB504B69D1F3D7A624B130C18E5B
 |   |   |- Guid:DED73530453011F25140068DE64582CD BaseClass:/HDRIBackdrop/Blueprints/HDRIBackdrop.HDRIBackdrop_C NativeClass:/Script/Engine.Actor Name:HDRIBackdrop_C_UAID_80E82CE1F7008A5902_1116108768 Label:HDRIBackdrop SpatiallyLoaded:1 Bounds:IsValid=true, Min=(X=-4999997.902 Y=-4999997.330 Z=-5001417.711), Max=(X=4999999.046 Y=4999998.093 Z=4998576.948) RuntimeGrid:None EditorOnly:0 RuntimeOnly:0 HLODRelevant:0 ListedInSceneOutliner:1 IsMainWorldOnly:0
 |   |- [+] Clusters:
 |   |   |- [+] [  0]
 |   |   |   |- Guid:004001464E6B11019069A1A9AE7A0F1A BaseClass: NativeClass:/Script/Engine.WorldDataLayers Name:WorldDataLayers Label:WorldDataLayers SpatiallyLoaded:0 Bounds:Invalid RuntimeGrid:None EditorOnly:0 RuntimeOnly:0 HLODRelevant:0 ListedInSceneOutliner:1 IsMainWorldOnly:1
 |   |   |- [+] [  1]
 |   |   |   |- Guid:09329EB041236FD1F3F3FDB6A0A97F3D BaseClass:/Game/Blueprints/BaseBat.BaseBat_C NativeClass:/Script/Engine.Actor Name:BaseBat_C_UAID_80E82CE1811EF75802_1911901898 Label:BaseBat SpatiallyLoaded:1 Bounds:IsValid=true, Min=(X=1322.637 Y=2009.212 Z=95.459), Max=(X=1354.472 Y=2140.609 Z=104.541) RuntimeGrid:None EditorOnly:0 RuntimeOnly:0 HLODRelevant:0 ListedInSceneOutliner:1 IsMainWorldOnly:0
 |   |   |- [+] [  2]
 |   |   |   |- Guid:0B2E39D948DE31B8CE6DCC90D7744CF3 BaseClass: NativeClass:/Script/Engine.PlayerStart Name:PlayerStart_0 Label:PlayerStart SpatiallyLoaded:0 Bounds:IsValid=true, Min=(X=860.000 Y=810.000 Z=0.013), Max=(X=940.000 Y=890.000 Z=184.013) RuntimeGrid:None EditorOnly:0 RuntimeOnly:0 HLODRelevant:0 ListedInSceneOutliner:1 IsMainWorldOnly:0
 |   |   |- [+] [  3]
 |   |   |   |- Guid:24A81C194750610A2504FA82D0628DD3 BaseClass: NativeClass:/Script/Engine.PostProcessVolume Name:PostProcessVolume_0 Label:PostProcessVolume SpatiallyLoaded:0 Bounds:IsValid=true, Min=(X=0.000 Y=0.000 Z=400.000), Max=(X=200.000 Y=200.000 Z=600.000) RuntimeGrid:None EditorOnly:0 RuntimeOnly:0 HLODRelevant:0 ListedInSceneOutliner:1 IsMainWorldOnly:0 FolderPath:Lighting FolderGuid:0BA5F0A04EADB18E70D5B180D08FA34B
 |   |   |- [+] [  4]
 |   |   |   |- Guid:2FC0E5CD41042ACD445C529F27230484 BaseClass: NativeClass:/Script/Engine.StaticMeshActor Name:StaticMeshActor_0 Label:SM_Cube SpatiallyLoaded:1 Bounds:IsValid=true, Min=(X=-6030.000 Y=0.000 Z=-50.000), Max=(X=9550.000 Y=12030.000 Z=0.000) RuntimeGrid:None EditorOnly:0 RuntimeOnly:0 HLODRelevant:1 ListedInSceneOutliner:1 IsMainWorldOnly:0 FolderPath:Playground FolderGuid:6C02BB504B69D1F3D7A624B130C18E5B
 |   |   |- [+] [  5]
 |   |   |   |- Guid:576A1E00419EE06946FE86AE171E8BA5 BaseClass: NativeClass:/Script/Engine.StaticMeshActor Name:StaticMeshActor_10 Label:SM_Cube6 SpatiallyLoaded:1 Bounds:IsValid=true, Min=(X=2922.058 Y=100.000 Z=0.000), Max=(X=9810.000 Y=11940.266 Z=280.000) RuntimeGrid:None EditorOnly:0 RuntimeOnly:0 HLODRelevant:1 ListedInSceneOutliner:1 IsMainWorldOnly:0 FolderPath:Playground FolderGuid:6C02BB504B69D1F3D7A624B130C18E5B
 |   |   |- [+] [  6]
 |   |   |   |- Guid:AEDD688B41C0233F7B15899709756EC8 BaseClass: NativeClass:/Script/Engine.StaticMeshActor Name:StaticMeshActor_3 Label:SM_Cube2 SpatiallyLoaded:1 Bounds:IsValid=true, Min=(X=0.000 Y=0.000 Z=0.000), Max=(X=3000.000 Y=100.000 Z=750.000) RuntimeGrid:None EditorOnly:0 RuntimeOnly:0 HLODRelevant:1 ListedInSceneOutliner:1 IsMainWorldOnly:0 FolderPath:Playground FolderGuid:6C02BB504B69D1F3D7A624B130C18E5B
 |   |   |- [+] [  7]
 |   |   |   |- Guid:C079E25C4B421CA0086C13A104F61510 BaseClass: NativeClass:/Script/Engine.DirectionalLight Name:DirectionalLight_1 Label:DirectionalLight SpatiallyLoaded:0 Bounds:Invalid RuntimeGrid:None EditorOnly:0 RuntimeOnly:0 HLODRelevant:0 ListedInSceneOutliner:1 IsMainWorldOnly:0 FolderPath:Lighting FolderGuid:0BA5F0A04EADB18E70D5B180D08FA34B
 |   |   |- [+] [  8]
 |   |   |   |- Guid:C39D6D634EE5A2AC5D18F7A0392B5EAC BaseClass: NativeClass:/Script/Engine.StaticMeshActor Name:StaticMeshActor_UAID_80E82CE1811EF15802_1165126840 Label:Cylinder SpatiallyLoaded:1 Bounds:IsValid=true, Min=(X=1375.433 Y=815.216 Z=0.000), Max=(X=1804.567 Y=1244.784 Z=20.000) RuntimeGrid:None EditorOnly:0 RuntimeOnly:0 HLODRelevant:1 ListedInSceneOutliner:1 IsMainWorldOnly:0
 |   |   |- [+] [  9]
 |   |   |   |- Guid:CA4AFCDB402B862587DBCBA849CA0FC8 BaseClass: NativeClass:/Script/Engine.StaticMeshActor Name:StaticMeshActor_9 Label:SM_Cube5 SpatiallyLoaded:1 Bounds:IsValid=true, Min=(X=-6731.603 Y=50.000 Z=0.000), Max=(X=100.000 Y=11782.684 Z=330.000) RuntimeGrid:None EditorOnly:0 RuntimeOnly:0 HLODRelevant:1 ListedInSceneOutliner:1 IsMainWorldOnly:0 FolderPath:Playground FolderGuid:6C02BB504B69D1F3D7A624B130C18E5B
 |   |   |- [+] [ 10]
 |   |   |   |- Guid:D2A84E2F4F11A261D1BB80B76CBDC347 BaseClass: NativeClass:/Script/Engine.SkyLight Name:SkyLight_0 Label:SkyLight SpatiallyLoaded:0 Bounds:IsValid=true, Min=(X=0.000 Y=0.000 Z=690.000), Max=(X=0.000 Y=0.000 Z=690.000) RuntimeGrid:None EditorOnly:0 RuntimeOnly:0 HLODRelevant:0 ListedInSceneOutliner:1 IsMainWorldOnly:0 FolderPath:Lighting FolderGuid:0BA5F0A04EADB18E70D5B180D08FA34B
 |   |   |- [+] [ 11]
 |   |   |   |- Guid:D33C59E84B0243E07B5E52A67D67C92D BaseClass: NativeClass:/Script/Engine.StaticMeshActor Name:StaticMeshActor_4 Label:SM_Cube3 SpatiallyLoaded:1 Bounds:IsValid=true, Min=(X=-6450.000 Y=11630.000 Z=0.000), Max=(X=9520.000 Y=11730.000 Z=370.000) RuntimeGrid:None EditorOnly:0 RuntimeOnly:0 HLODRelevant:1 ListedInSceneOutliner:1 IsMainWorldOnly:0 FolderPath:Playground FolderGuid:6C02BB504B69D1F3D7A624B130C18E5B
 |   |   |- [+] [ 12]
 |   |   |   |- Guid:DED73530453011F25140068DE64582CD BaseClass:/HDRIBackdrop/Blueprints/HDRIBackdrop.HDRIBackdrop_C NativeClass:/Script/Engine.Actor Name:HDRIBackdrop_C_UAID_80E82CE1F7008A5902_1116108768 Label:HDRIBackdrop SpatiallyLoaded:1 Bounds:IsValid=true, Min=(X=-4999997.902 Y=-4999997.330 Z=-5001417.711), Max=(X=4999999.046 Y=4999998.093 Z=4998576.948) RuntimeGrid:None EditorOnly:0 RuntimeOnly:0 HLODRelevant:0 ListedInSceneOutliner:1 IsMainWorldOnly:0
 |- ContainerInstances:
 |- [+] MainContainer:
 |   |-        ID: 00000000000000000000000000000000
 |   |-  ParentID: 00000000000000000000000000000000
 |   |-    Bounds: IsValid=false, Min=(X=0.000 Y=0.000 Z=0.000), Max=(X=0.000 Y=0.000 Z=0.000)
 |   |- Transform: 0.000000,0.000000,0.000000|0.000000,0.000000,-0.000000|1.000000,1.000000,1.000000
 |   |- Container: /Game/Levels/SpaceBall
----------------------------------------------------------------------------------------------------------------
SpaceBall - Persistent Level
----------------------------------------------------------------------------------------------------------------
[+] Content of SpaceBall Persistent Level
 |- Always loaded Actor Count: 13 
 |- Actor Path: /Game/Levels/SpaceBall.SpaceBall:PersistentLevel.BaseBat_C_UAID_80E82CE1811EF75802_1911901898
 |- Actor Package: /Game/__ExternalActors__/Levels/SpaceBall/B/EB/BVZ2HFK03HDC4KS257DM1Z
 |- Actor Path: /Game/Levels/SpaceBall.SpaceBall:PersistentLevel.DirectionalLight_1
 |- Actor Package: /Game/__ExternalActors__/Levels/SpaceBall/4/30/IZ2WCQM14TUWT2QVUSGBQI
 |- Actor Path: /Game/Levels/SpaceBall.SpaceBall:PersistentLevel.HDRIBackdrop_C_UAID_80E82CE1F7008A5902_1116108768
 |- Actor Package: /Game/__ExternalActors__/Levels/SpaceBall/3/N4/ABN89JJALCIWLP4UWKQ07U
 |- Actor Path: /Game/Levels/SpaceBall.SpaceBall:PersistentLevel.PlayerStart_0
 |- Actor Package: /Game/__ExternalActors__/Levels/SpaceBall/4/J3/JTALCRTGAR68E6G73TUH17
 |- Actor Path: /Game/Levels/SpaceBall.SpaceBall:PersistentLevel.PostProcessVolume_0
 |- Actor Package: /Game/__ExternalActors__/Levels/SpaceBall/0/ST/JVNOJR3MT4YZA3N54WST1A
 |- Actor Path: /Game/Levels/SpaceBall.SpaceBall:PersistentLevel.SkyLight_0
 |- Actor Package: /Game/__ExternalActors__/Levels/SpaceBall/0/V5/OQI3K946JXSDC9P2AZ7W6E
 |- Actor Path: /Game/Levels/SpaceBall.SpaceBall:PersistentLevel.StaticMeshActor_0
 |- Actor Package: /Game/__ExternalActors__/Levels/SpaceBall/6/9B/BD8WESPJD0PXSE98KCBM34
 |- Actor Path: /Game/Levels/SpaceBall.SpaceBall:PersistentLevel.StaticMeshActor_10
 |- Actor Package: /Game/__ExternalActors__/Levels/SpaceBall/D/P1/XY9DJN20YM8PF5FCOGN7IG
 |- Actor Path: /Game/Levels/SpaceBall.SpaceBall:PersistentLevel.StaticMeshActor_3
 |- Actor Package: /Game/__ExternalActors__/Levels/SpaceBall/4/TR/US1QBN6RLOI9B444R1IMFE
 |- Actor Path: /Game/Levels/SpaceBall.SpaceBall:PersistentLevel.StaticMeshActor_4
 |- Actor Package: /Game/__ExternalActors__/Levels/SpaceBall/B/AK/6ZP7JKZ9G83RUKREZ7SAQG
 |- Actor Path: /Game/Levels/SpaceBall.SpaceBall:PersistentLevel.StaticMeshActor_9
 |- Actor Package: /Game/__ExternalActors__/Levels/SpaceBall/6/ZN/PJGCE2SJLT741YF28XW8CG
 |- Actor Path: /Game/Levels/SpaceBall.SpaceBall:PersistentLevel.StaticMeshActor_UAID_80E82CE1811EF15802_1165126840
 |- Actor Package: /Game/__ExternalActors__/Levels/SpaceBall/8/2G/IXF7Z5N91NJONFDX6A8BZX
 |- Actor Path: /Game/Levels/SpaceBall.SpaceBall:PersistentLevel.WorldDataLayers
 |- Actor Package: /Game/__ExternalActors__/Levels/SpaceBall/7/RS/HG826LMZ039XU2Y871HN15

----------------------------------------------------------------------------------------------------------------
SpaceBall - Runtime Hash Set
----------------------------------------------------------------------------------------------------------------

